<?xml version="1.0" encoding="UTF-8"?>
<testsuite name="uniajc.edu.co.generador_citas.GeneradorCitasApplicationTests" tests="1" skipped="0" failures="0" errors="0" timestamp="2020-09-06T06:26:59" hostname="DESKTOP-JF8BE6U" time="0.257">
  <properties/>
  <testcase name="contextLoads()" classname="uniajc.edu.co.generador_citas.GeneradorCitasApplicationTests" time="0.257"/>
  <system-out><![CDATA[23:26:57.998 [Test worker] DEBUG org.springframework.test.context.BootstrapUtils - Instantiating CacheAwareContextLoaderDelegate from class [org.springframework.test.context.cache.DefaultCacheAwareContextLoaderDelegate]
23:26:58.014 [Test worker] DEBUG org.springframework.test.context.BootstrapUtils - Instantiating BootstrapContext using constructor [public org.springframework.test.context.support.DefaultBootstrapContext(java.lang.Class,org.springframework.test.context.CacheAwareContextLoaderDelegate)]
23:26:58.047 [Test worker] DEBUG org.springframework.test.context.BootstrapUtils - Instantiating TestContextBootstrapper for test class [uniajc.edu.co.generador_citas.GeneradorCitasApplicationTests] from class [org.springframework.boot.test.context.SpringBootTestContextBootstrapper]
23:26:58.064 [Test worker] INFO org.springframework.boot.test.context.SpringBootTestContextBootstrapper - Neither @ContextConfiguration nor @ContextHierarchy found for test class [uniajc.edu.co.generador_citas.GeneradorCitasApplicationTests], using SpringBootContextLoader
23:26:58.068 [Test worker] DEBUG org.springframework.test.context.support.AbstractContextLoader - Did not detect default resource location for test class [uniajc.edu.co.generador_citas.GeneradorCitasApplicationTests]: class path resource [uniajc/edu/co/generador_citas/GeneradorCitasApplicationTests-context.xml] does not exist
23:26:58.069 [Test worker] DEBUG org.springframework.test.context.support.AbstractContextLoader - Did not detect default resource location for test class [uniajc.edu.co.generador_citas.GeneradorCitasApplicationTests]: class path resource [uniajc/edu/co/generador_citas/GeneradorCitasApplicationTestsContext.groovy] does not exist
23:26:58.070 [Test worker] INFO org.springframework.test.context.support.AbstractContextLoader - Could not detect default resource locations for test class [uniajc.edu.co.generador_citas.GeneradorCitasApplicationTests]: no resource found for suffixes {-context.xml, Context.groovy}.
23:26:58.071 [Test worker] INFO org.springframework.test.context.support.AnnotationConfigContextLoaderUtils - Could not detect default configuration classes for test class [uniajc.edu.co.generador_citas.GeneradorCitasApplicationTests]: GeneradorCitasApplicationTests does not declare any static, non-private, non-final, nested classes annotated with @Configuration.
23:26:58.125 [Test worker] DEBUG org.springframework.test.context.support.ActiveProfilesUtils - Could not find an 'annotation declaring class' for annotation type [org.springframework.test.context.ActiveProfiles] and class [uniajc.edu.co.generador_citas.GeneradorCitasApplicationTests]
23:26:58.236 [Test worker] DEBUG org.springframework.context.annotation.ClassPathScanningCandidateComponentProvider - Identified candidate component class: file [C:\Users\M23\Desktop\Universidad\Proyecto\dev_generador_citas\GeneradorCitas\generador_citas\build\classes\java\main\uniajc\edu\co\generador_citas\GeneradorCitasApplication.class]
23:26:58.238 [Test worker] INFO org.springframework.boot.test.context.SpringBootTestContextBootstrapper - Found @SpringBootConfiguration uniajc.edu.co.generador_citas.GeneradorCitasApplication for test class uniajc.edu.co.generador_citas.GeneradorCitasApplicationTests
23:26:58.398 [Test worker] DEBUG org.springframework.boot.test.context.SpringBootTestContextBootstrapper - @TestExecutionListeners is not present for class [uniajc.edu.co.generador_citas.GeneradorCitasApplicationTests]: using defaults.
23:26:58.400 [Test worker] INFO org.springframework.boot.test.context.SpringBootTestContextBootstrapper - Loaded default TestExecutionListener class names from location [META-INF/spring.factories]: [org.springframework.boot.test.autoconfigure.restdocs.RestDocsTestExecutionListener, org.springframework.boot.test.autoconfigure.web.client.MockRestServiceServerResetTestExecutionListener, org.springframework.boot.test.autoconfigure.web.servlet.MockMvcPrintOnlyOnFailureTestExecutionListener, org.springframework.boot.test.autoconfigure.web.servlet.WebDriverTestExecutionListener, org.springframework.boot.test.autoconfigure.webservices.client.MockWebServiceServerTestExecutionListener, org.springframework.boot.test.mock.mockito.MockitoTestExecutionListener, org.springframework.boot.test.mock.mockito.ResetMocksTestExecutionListener, org.springframework.test.context.web.ServletTestExecutionListener, org.springframework.test.context.support.DirtiesContextBeforeModesTestExecutionListener, org.springframework.test.context.support.DependencyInjectionTestExecutionListener, org.springframework.test.context.support.DirtiesContextTestExecutionListener, org.springframework.test.context.transaction.TransactionalTestExecutionListener, org.springframework.test.context.jdbc.SqlScriptsTestExecutionListener, org.springframework.test.context.event.EventPublishingTestExecutionListener]
23:26:58.413 [Test worker] DEBUG org.springframework.boot.test.context.SpringBootTestContextBootstrapper - Skipping candidate TestExecutionListener [org.springframework.test.context.web.ServletTestExecutionListener] due to a missing dependency. Specify custom listener classes or make the default listener classes and their required dependencies available. Offending class: [javax/servlet/ServletContext]
23:26:58.415 [Test worker] DEBUG org.springframework.boot.test.context.SpringBootTestContextBootstrapper - Skipping candidate TestExecutionListener [org.springframework.test.context.transaction.TransactionalTestExecutionListener] due to a missing dependency. Specify custom listener classes or make the default listener classes and their required dependencies available. Offending class: [org/springframework/transaction/interceptor/TransactionAttributeSource]
23:26:58.416 [Test worker] DEBUG org.springframework.boot.test.context.SpringBootTestContextBootstrapper - Skipping candidate TestExecutionListener [org.springframework.test.context.jdbc.SqlScriptsTestExecutionListener] due to a missing dependency. Specify custom listener classes or make the default listener classes and their required dependencies available. Offending class: [org/springframework/transaction/interceptor/TransactionAttribute]
23:26:58.417 [Test worker] INFO org.springframework.boot.test.context.SpringBootTestContextBootstrapper - Using TestExecutionListeners: [org.springframework.test.context.support.DirtiesContextBeforeModesTestExecutionListener@6e77a34b, org.springframework.boot.test.mock.mockito.MockitoTestExecutionListener@31089d8, org.springframework.boot.test.autoconfigure.SpringBootDependencyInjectionTestExecutionListener@1e95cf84, org.springframework.test.context.support.DirtiesContextTestExecutionListener@59c962d8, org.springframework.test.context.event.EventPublishingTestExecutionListener@a77ef51, org.springframework.boot.test.autoconfigure.restdocs.RestDocsTestExecutionListener@daef98e, org.springframework.boot.test.autoconfigure.web.client.MockRestServiceServerResetTestExecutionListener@3df7ee50, org.springframework.boot.test.autoconfigure.web.servlet.MockMvcPrintOnlyOnFailureTestExecutionListener@2fba9494, org.springframework.boot.test.autoconfigure.web.servlet.WebDriverTestExecutionListener@1a02eb55, org.springframework.boot.test.autoconfigure.webservices.client.MockWebServiceServerTestExecutionListener@609a0312, org.springframework.boot.test.mock.mockito.ResetMocksTestExecutionListener@629df43f]
23:26:58.424 [Test worker] DEBUG org.springframework.test.context.support.AbstractDirtiesContextTestExecutionListener - Before test class: context [DefaultTestContext@7aa370f testClass = GeneradorCitasApplicationTests, testInstance = [null], testMethod = [null], testException = [null], mergedContextConfiguration = [MergedContextConfiguration@698ea999 testClass = GeneradorCitasApplicationTests, locations = '{}', classes = '{class uniajc.edu.co.generador_citas.GeneradorCitasApplication}', contextInitializerClasses = '[]', activeProfiles = '{}', propertySourceLocations = '{}', propertySourceProperties = '{org.springframework.boot.test.context.SpringBootTestContextBootstrapper=true}', contextCustomizers = set[org.springframework.boot.test.autoconfigure.properties.PropertyMappingContextCustomizer@0, org.springframework.boot.test.autoconfigure.web.servlet.WebDriverContextCustomizerFactory$Customizer@257df0f, org.springframework.boot.test.context.filter.ExcludeFilterContextCustomizer@5e2259c3, org.springframework.boot.test.json.DuplicateJsonObjectContextCustomizerFactory$DuplicateJsonObjectContextCustomizer@9da06f3, org.springframework.boot.test.mock.mockito.MockitoContextCustomizer@0, org.springframework.boot.test.web.client.TestRestTemplateContextCustomizer@48a47d1c, org.springframework.boot.test.context.SpringBootTestArgs@1], contextLoader = 'org.springframework.boot.test.context.SpringBootContextLoader', parent = [null]], attributes = map[[empty]]], class annotated with @DirtiesContext [false] with mode [null].
23:26:58.445 [Test worker] DEBUG org.springframework.test.context.support.DependencyInjectionTestExecutionListener - Performing dependency injection for test context [[DefaultTestContext@7aa370f testClass = GeneradorCitasApplicationTests, testInstance = uniajc.edu.co.generador_citas.GeneradorCitasApplicationTests@486863bd, testMethod = [null], testException = [null], mergedContextConfiguration = [MergedContextConfiguration@698ea999 testClass = GeneradorCitasApplicationTests, locations = '{}', classes = '{class uniajc.edu.co.generador_citas.GeneradorCitasApplication}', contextInitializerClasses = '[]', activeProfiles = '{}', propertySourceLocations = '{}', propertySourceProperties = '{org.springframework.boot.test.context.SpringBootTestContextBootstrapper=true}', contextCustomizers = set[org.springframework.boot.test.autoconfigure.properties.PropertyMappingContextCustomizer@0, org.springframework.boot.test.autoconfigure.web.servlet.WebDriverContextCustomizerFactory$Customizer@257df0f, org.springframework.boot.test.context.filter.ExcludeFilterContextCustomizer@5e2259c3, org.springframework.boot.test.json.DuplicateJsonObjectContextCustomizerFactory$DuplicateJsonObjectContextCustomizer@9da06f3, org.springframework.boot.test.mock.mockito.MockitoContextCustomizer@0, org.springframework.boot.test.web.client.TestRestTemplateContextCustomizer@48a47d1c, org.springframework.boot.test.context.SpringBootTestArgs@1], contextLoader = 'org.springframework.boot.test.context.SpringBootContextLoader', parent = [null]], attributes = map[[empty]]]].
23:26:58.477 [Test worker] DEBUG org.springframework.test.context.support.TestPropertySourceUtils - Adding inlined properties to environment: {spring.jmx.enabled=false, org.springframework.boot.test.context.SpringBootTestContextBootstrapper=true}

  .   ____          _            __ _ _
 /\\ / ___'_ __ _ _(_)_ __  __ _ \ \ \ \
( ( )\___ | '_ | '_| | '_ \/ _` | \ \ \ \
 \\/  ___)| |_)| | | | | || (_| |  ) ) ) )
  '  |____| .__|_| |_|_| |_\__, | / / / /
 =========|_|==============|___/=/_/_/_/
 :: Spring Boot ::        (v2.3.3.RELEASE)

2020-09-05 23:26:58.774  INFO 4188 --- [    Test worker] u.e.c.g.GeneradorCitasApplicationTests   : Starting GeneradorCitasApplicationTests on DESKTOP-JF8BE6U with PID 4188 (started by M23 in C:\Users\M23\Desktop\Universidad\Proyecto\dev_generador_citas\GeneradorCitas\generador_citas)
2020-09-05 23:26:58.777  INFO 4188 --- [    Test worker] u.e.c.g.GeneradorCitasApplicationTests   : No active profile set, falling back to default profiles: default
2020-09-05 23:26:59.727  INFO 4188 --- [    Test worker] u.e.c.g.GeneradorCitasApplicationTests   : Started GeneradorCitasApplicationTests in 1.246 seconds (JVM running for 2.821)
]]></system-out>
  <system-err><![CDATA[]]></system-err>
</testsuite>
