<?xml version="1.0" encoding="UTF-8"?>
<testsuite name="uniajc.edu.co.generador_citas.GeneradorCitasApplicationTests" tests="1" skipped="0" failures="0" errors="0" timestamp="2020-09-10T02:16:30" hostname="DESKTOP-JF8BE6U" time="0.129">
  <properties/>
  <testcase name="contextLoads()" classname="uniajc.edu.co.generador_citas.GeneradorCitasApplicationTests" time="0.129"/>
  <system-out><![CDATA[19:16:18.497 [Test worker] DEBUG org.springframework.test.context.BootstrapUtils - Instantiating CacheAwareContextLoaderDelegate from class [org.springframework.test.context.cache.DefaultCacheAwareContextLoaderDelegate]
19:16:18.535 [Test worker] DEBUG org.springframework.test.context.BootstrapUtils - Instantiating BootstrapContext using constructor [public org.springframework.test.context.support.DefaultBootstrapContext(java.lang.Class,org.springframework.test.context.CacheAwareContextLoaderDelegate)]
19:16:18.598 [Test worker] DEBUG org.springframework.test.context.BootstrapUtils - Instantiating TestContextBootstrapper for test class [uniajc.edu.co.generador_citas.GeneradorCitasApplicationTests] from class [org.springframework.boot.test.context.SpringBootTestContextBootstrapper]
19:16:18.626 [Test worker] INFO org.springframework.boot.test.context.SpringBootTestContextBootstrapper - Neither @ContextConfiguration nor @ContextHierarchy found for test class [uniajc.edu.co.generador_citas.GeneradorCitasApplicationTests], using SpringBootContextLoader
19:16:18.633 [Test worker] DEBUG org.springframework.test.context.support.AbstractContextLoader - Did not detect default resource location for test class [uniajc.edu.co.generador_citas.GeneradorCitasApplicationTests]: class path resource [uniajc/edu/co/generador_citas/GeneradorCitasApplicationTests-context.xml] does not exist
19:16:18.634 [Test worker] DEBUG org.springframework.test.context.support.AbstractContextLoader - Did not detect default resource location for test class [uniajc.edu.co.generador_citas.GeneradorCitasApplicationTests]: class path resource [uniajc/edu/co/generador_citas/GeneradorCitasApplicationTestsContext.groovy] does not exist
19:16:18.634 [Test worker] INFO org.springframework.test.context.support.AbstractContextLoader - Could not detect default resource locations for test class [uniajc.edu.co.generador_citas.GeneradorCitasApplicationTests]: no resource found for suffixes {-context.xml, Context.groovy}.
19:16:18.635 [Test worker] INFO org.springframework.test.context.support.AnnotationConfigContextLoaderUtils - Could not detect default configuration classes for test class [uniajc.edu.co.generador_citas.GeneradorCitasApplicationTests]: GeneradorCitasApplicationTests does not declare any static, non-private, non-final, nested classes annotated with @Configuration.
19:16:18.701 [Test worker] DEBUG org.springframework.test.context.support.ActiveProfilesUtils - Could not find an 'annotation declaring class' for annotation type [org.springframework.test.context.ActiveProfiles] and class [uniajc.edu.co.generador_citas.GeneradorCitasApplicationTests]
19:16:18.836 [Test worker] DEBUG org.springframework.context.annotation.ClassPathScanningCandidateComponentProvider - Identified candidate component class: file [C:\Users\M23\Desktop\Universidad\Proyecto_git\Dev_generador_citas\generador_citas\build\classes\java\main\uniajc\edu\co\generador_citas\GeneradorCitasApplication.class]
19:16:18.840 [Test worker] INFO org.springframework.boot.test.context.SpringBootTestContextBootstrapper - Found @SpringBootConfiguration uniajc.edu.co.generador_citas.GeneradorCitasApplication for test class uniajc.edu.co.generador_citas.GeneradorCitasApplicationTests
19:16:18.968 [Test worker] DEBUG org.springframework.boot.test.context.SpringBootTestContextBootstrapper - @TestExecutionListeners is not present for class [uniajc.edu.co.generador_citas.GeneradorCitasApplicationTests]: using defaults.
19:16:18.969 [Test worker] INFO org.springframework.boot.test.context.SpringBootTestContextBootstrapper - Loaded default TestExecutionListener class names from location [META-INF/spring.factories]: [org.springframework.boot.test.autoconfigure.restdocs.RestDocsTestExecutionListener, org.springframework.boot.test.autoconfigure.web.client.MockRestServiceServerResetTestExecutionListener, org.springframework.boot.test.autoconfigure.web.servlet.MockMvcPrintOnlyOnFailureTestExecutionListener, org.springframework.boot.test.autoconfigure.web.servlet.WebDriverTestExecutionListener, org.springframework.boot.test.autoconfigure.webservices.client.MockWebServiceServerTestExecutionListener, org.springframework.boot.test.mock.mockito.MockitoTestExecutionListener, org.springframework.boot.test.mock.mockito.ResetMocksTestExecutionListener, org.springframework.test.context.web.ServletTestExecutionListener, org.springframework.test.context.support.DirtiesContextBeforeModesTestExecutionListener, org.springframework.test.context.support.DependencyInjectionTestExecutionListener, org.springframework.test.context.support.DirtiesContextTestExecutionListener, org.springframework.test.context.transaction.TransactionalTestExecutionListener, org.springframework.test.context.jdbc.SqlScriptsTestExecutionListener, org.springframework.test.context.event.EventPublishingTestExecutionListener]
19:16:18.996 [Test worker] INFO org.springframework.boot.test.context.SpringBootTestContextBootstrapper - Using TestExecutionListeners: [org.springframework.test.context.web.ServletTestExecutionListener@2339f876, org.springframework.test.context.support.DirtiesContextBeforeModesTestExecutionListener@3ceac95, org.springframework.boot.test.mock.mockito.MockitoTestExecutionListener@5af0ec44, org.springframework.boot.test.autoconfigure.SpringBootDependencyInjectionTestExecutionListener@46315ae0, org.springframework.test.context.support.DirtiesContextTestExecutionListener@2aa7e018, org.springframework.test.context.transaction.TransactionalTestExecutionListener@5cfb4bdd, org.springframework.test.context.jdbc.SqlScriptsTestExecutionListener@1b40eca, org.springframework.test.context.event.EventPublishingTestExecutionListener@4d9eb246, org.springframework.boot.test.autoconfigure.restdocs.RestDocsTestExecutionListener@582c2ccd, org.springframework.boot.test.autoconfigure.web.client.MockRestServiceServerResetTestExecutionListener@5e8f31b6, org.springframework.boot.test.autoconfigure.web.servlet.MockMvcPrintOnlyOnFailureTestExecutionListener@7fecb6f3, org.springframework.boot.test.autoconfigure.web.servlet.WebDriverTestExecutionListener@47d837ca, org.springframework.boot.test.autoconfigure.webservices.client.MockWebServiceServerTestExecutionListener@7e2b31b8, org.springframework.boot.test.mock.mockito.ResetMocksTestExecutionListener@598ead4a]
19:16:19.004 [Test worker] DEBUG org.springframework.test.context.support.AbstractDirtiesContextTestExecutionListener - Before test class: context [DefaultTestContext@762c709b testClass = GeneradorCitasApplicationTests, testInstance = [null], testMethod = [null], testException = [null], mergedContextConfiguration = [WebMergedContextConfiguration@2e32d9cd testClass = GeneradorCitasApplicationTests, locations = '{}', classes = '{class uniajc.edu.co.generador_citas.GeneradorCitasApplication}', contextInitializerClasses = '[]', activeProfiles = '{}', propertySourceLocations = '{}', propertySourceProperties = '{org.springframework.boot.test.context.SpringBootTestContextBootstrapper=true}', contextCustomizers = set[org.springframework.boot.test.autoconfigure.properties.PropertyMappingContextCustomizer@0, org.springframework.boot.test.autoconfigure.web.servlet.WebDriverContextCustomizerFactory$Customizer@3420bed1, org.springframework.boot.test.context.filter.ExcludeFilterContextCustomizer@3e3110c3, org.springframework.boot.test.json.DuplicateJsonObjectContextCustomizerFactory$DuplicateJsonObjectContextCustomizer@15dbc070, org.springframework.boot.test.mock.mockito.MockitoContextCustomizer@0, org.springframework.boot.test.web.client.TestRestTemplateContextCustomizer@2062b05, org.springframework.boot.test.context.SpringBootTestArgs@1], resourceBasePath = 'src/main/webapp', contextLoader = 'org.springframework.boot.test.context.SpringBootContextLoader', parent = [null]], attributes = map['org.springframework.test.context.web.ServletTestExecutionListener.activateListener' -> true]], class annotated with @DirtiesContext [false] with mode [null].
19:16:19.049 [Test worker] DEBUG org.springframework.test.context.support.TestPropertySourceUtils - Adding inlined properties to environment: {spring.jmx.enabled=false, org.springframework.boot.test.context.SpringBootTestContextBootstrapper=true}

  .   ____          _            __ _ _
 /\\ / ___'_ __ _ _(_)_ __  __ _ \ \ \ \
( ( )\___ | '_ | '_| | '_ \/ _` | \ \ \ \
 \\/  ___)| |_)| | | | | || (_| |  ) ) ) )
  '  |____| .__|_| |_|_| |_\__, | / / / /
 =========|_|==============|___/=/_/_/_/
 :: Spring Boot ::        (v2.3.3.RELEASE)

2020-09-09 19:16:21.280  INFO 12244 --- [    Test worker] u.e.c.g.GeneradorCitasApplicationTests   : No active profile set, falling back to default profiles: default
2020-09-09 19:16:22.868  INFO 12244 --- [    Test worker] .s.d.r.c.RepositoryConfigurationDelegate : Bootstrapping Spring Data JPA repositories in DEFERRED mode.
2020-09-09 19:16:22.920  INFO 12244 --- [    Test worker] .s.d.r.c.RepositoryConfigurationDelegate : Finished Spring Data repository scanning in 30ms. Found 0 JPA repository interfaces.
2020-09-09 19:16:23.412  INFO 12244 --- [    Test worker] o.s.cloud.context.scope.GenericScope     : BeanFactory id=39dc6cd4-c2bc-3a8d-89a9-1ffb18011bd6
2020-09-09 19:16:23.992  INFO 12244 --- [    Test worker] com.zaxxer.hikari.HikariDataSource       : pool-hikari-palomino - Starting...
2020-09-09 19:16:24.200  INFO 12244 --- [    Test worker] com.zaxxer.hikari.HikariDataSource       : pool-hikari-palomino - Start completed.
2020-09-09 19:16:24.481  INFO 12244 --- [    Test worker] o.s.s.concurrent.ThreadPoolTaskExecutor  : Initializing ExecutorService 'applicationTaskExecutor'
2020-09-09 19:16:24.735  INFO 12244 --- [         task-1] o.hibernate.jpa.internal.util.LogHelper  : HHH000204: Processing PersistenceUnitInfo [name: default]
2020-09-09 19:16:24.930  INFO 12244 --- [         task-1] org.hibernate.Version                    : HHH000412: Hibernate ORM core version 5.4.20.Final
2020-09-09 19:16:25.517  INFO 12244 --- [         task-1] o.hibernate.annotations.common.Version   : HCANN000001: Hibernate Commons Annotations {5.1.0.Final}
2020-09-09 19:16:25.954  INFO 12244 --- [         task-1] org.hibernate.dialect.Dialect            : HHH000400: Using dialect: org.hibernate.dialect.PostgreSQLDialect
2020-09-09 19:16:26.582  INFO 12244 --- [         task-1] o.h.e.t.j.p.i.JtaPlatformInitiator       : HHH000490: Using JtaPlatform implementation: [org.hibernate.engine.transaction.jta.platform.internal.NoJtaPlatform]
2020-09-09 19:16:26.601  INFO 12244 --- [         task-1] j.LocalContainerEntityManagerFactoryBean : Initialized JPA EntityManagerFactory for persistence unit 'default'
2020-09-09 19:16:27.815  WARN 12244 --- [    Test worker] JpaBaseConfiguration$JpaWebConfiguration : spring.jpa.open-in-view is enabled by default. Therefore, database queries may be performed during view rendering. Explicitly configure spring.jpa.open-in-view to disable this warning
2020-09-09 19:16:30.480  INFO 12244 --- [    Test worker] o.s.b.a.e.web.EndpointLinksResolver      : Exposing 2 endpoint(s) beneath base path '/actuator'
2020-09-09 19:16:30.604  INFO 12244 --- [    Test worker] DeferredRepositoryInitializationListener : Triggering deferred initialization of Spring Data repositories…
2020-09-09 19:16:30.605  INFO 12244 --- [    Test worker] DeferredRepositoryInitializationListener : Spring Data repositories initialized!
2020-09-09 19:16:30.631  INFO 12244 --- [    Test worker] u.e.c.g.GeneradorCitasApplicationTests   : Started GeneradorCitasApplicationTests in 11.565 seconds (JVM running for 13.505)
]]></system-out>
  <system-err><![CDATA[]]></system-err>
</testsuite>
